E, [2019-04-10T13:42:14.068995 #11604] ERROR -- Kitchen: ------Exception-------
E, [2019-04-10T13:42:14.069283 #11604] ERROR -- Kitchen: Class: Kitchen::UserError
E, [2019-04-10T13:42:14.069377 #11604] ERROR -- Kitchen: Message: Kitchen YAML file C:/tools/Cmder/.kitchen.yml does not exist.
E, [2019-04-10T13:42:14.069453 #11604] ERROR -- Kitchen: ----------------------
E, [2019-04-10T13:42:14.069523 #11604] ERROR -- Kitchen: ------Backtrace-------
E, [2019-04-10T13:42:14.069657 #11604] ERROR -- Kitchen: C:/opscode/chef-workstation/embedded/lib/ruby/gems/2.5.0/gems/test-kitchen-1.24.0/lib/kitchen/loader/yaml.rb:65:in `read'
E, [2019-04-10T13:42:14.069713 #11604] ERROR -- Kitchen: C:/opscode/chef-workstation/embedded/lib/ruby/gems/2.5.0/gems/test-kitchen-1.24.0/lib/kitchen/config.rb:152:in `data'
E, [2019-04-10T13:42:14.069760 #11604] ERROR -- Kitchen: C:/opscode/chef-workstation/embedded/lib/ruby/gems/2.5.0/gems/test-kitchen-1.24.0/lib/kitchen/config.rb:131:in `suites'
E, [2019-04-10T13:42:14.069803 #11604] ERROR -- Kitchen: C:/opscode/chef-workstation/embedded/lib/ruby/gems/2.5.0/gems/test-kitchen-1.24.0/lib/kitchen/config.rb:182:in `filter_instances'
E, [2019-04-10T13:42:14.069845 #11604] ERROR -- Kitchen: C:/opscode/chef-workstation/embedded/lib/ruby/gems/2.5.0/gems/test-kitchen-1.24.0/lib/kitchen/config.rb:141:in `build_instances'
E, [2019-04-10T13:42:14.069892 #11604] ERROR -- Kitchen: C:/opscode/chef-workstation/embedded/lib/ruby/gems/2.5.0/gems/test-kitchen-1.24.0/lib/kitchen/config.rb:117:in `instances'
E, [2019-04-10T13:42:14.069934 #11604] ERROR -- Kitchen: C:/opscode/chef-workstation/embedded/lib/ruby/gems/2.5.0/gems/test-kitchen-1.24.0/lib/kitchen/command.rb:112:in `filtered_instances'
E, [2019-04-10T13:42:14.069977 #11604] ERROR -- Kitchen: C:/opscode/chef-workstation/embedded/lib/ruby/gems/2.5.0/gems/test-kitchen-1.24.0/lib/kitchen/command.rb:142:in `parse_subcommand'
E, [2019-04-10T13:42:14.070019 #11604] ERROR -- Kitchen: C:/opscode/chef-workstation/embedded/lib/ruby/gems/2.5.0/gems/test-kitchen-1.24.0/lib/kitchen/command/list.rb:30:in `call'
E, [2019-04-10T13:42:14.070060 #11604] ERROR -- Kitchen: C:/opscode/chef-workstation/embedded/lib/ruby/gems/2.5.0/gems/test-kitchen-1.24.0/lib/kitchen/cli.rb:52:in `perform'
E, [2019-04-10T13:42:14.070102 #11604] ERROR -- Kitchen: C:/opscode/chef-workstation/embedded/lib/ruby/gems/2.5.0/gems/test-kitchen-1.24.0/lib/kitchen/cli.rb:120:in `list'
E, [2019-04-10T13:42:14.070144 #11604] ERROR -- Kitchen: C:/opscode/chef-workstation/embedded/lib/ruby/gems/2.5.0/gems/thor-0.20.3/lib/thor/command.rb:27:in `run'
E, [2019-04-10T13:42:14.070186 #11604] ERROR -- Kitchen: C:/opscode/chef-workstation/embedded/lib/ruby/gems/2.5.0/gems/thor-0.20.3/lib/thor/invocation.rb:126:in `invoke_command'
E, [2019-04-10T13:42:14.070229 #11604] ERROR -- Kitchen: C:/opscode/chef-workstation/embedded/lib/ruby/gems/2.5.0/gems/thor-0.20.3/lib/thor.rb:387:in `dispatch'
E, [2019-04-10T13:42:14.070333 #11604] ERROR -- Kitchen: C:/opscode/chef-workstation/embedded/lib/ruby/gems/2.5.0/gems/thor-0.20.3/lib/thor/base.rb:466:in `start'
E, [2019-04-10T13:42:14.070440 #11604] ERROR -- Kitchen: C:/opscode/chef-workstation/embedded/lib/ruby/gems/2.5.0/gems/test-kitchen-1.24.0/bin/kitchen:13:in `block in <top (required)>'
E, [2019-04-10T13:42:14.070549 #11604] ERROR -- Kitchen: C:/opscode/chef-workstation/embedded/lib/ruby/gems/2.5.0/gems/test-kitchen-1.24.0/lib/kitchen/errors.rb:171:in `with_friendly_errors'
E, [2019-04-10T13:42:14.070609 #11604] ERROR -- Kitchen: C:/opscode/chef-workstation/embedded/lib/ruby/gems/2.5.0/gems/test-kitchen-1.24.0/bin/kitchen:13:in `<top (required)>'
E, [2019-04-10T13:42:14.070657 #11604] ERROR -- Kitchen: C:/opscode/chef-workstation/bin/kitchen:322:in `load'
E, [2019-04-10T13:42:14.070711 #11604] ERROR -- Kitchen: C:/opscode/chef-workstation/bin/kitchen:322:in `<main>'
E, [2019-04-10T13:42:14.070754 #11604] ERROR -- Kitchen: ----End Backtrace-----
